<?xml version="1.0" encoding="UTF-8"?>
<!-- Generated by org.testng.reporters.JUnitReportReporter -->
<testsuite hostname="DESKTOP-G162LF5" name="Com.Assignment_1.HandleBootStrapDropDown" tests="1" failures="0" timestamp="23 Oct 2020 10:08:47 GMT" time="5.724" errors="0">
  <testcase name="bootStrapDropDown" time="5.724" classname="Com.Assignment_1.HandleBootStrapDropDown"/>
</testsuite> <!-- Com.Assignment_1.HandleBootStrapDropDown -->
