<?xml version="1.0" encoding="UTF-8"?>
<!-- Generated by org.testng.reporters.JUnitReportReporter -->
<testsuite hostname="DESKTOP-G162LF5" name="Com.Assignment_1.HandlingWindow" tests="1" failures="0" timestamp="23 Oct 2020 14:24:13 GMT" time="10.581" errors="0">
  <testcase name="WindowHandle" time="10.581" classname="Com.Assignment_1.HandlingWindow"/>
</testsuite> <!-- Com.Assignment_1.HandlingWindow -->
