<?xml version="1.0" encoding="UTF-8"?>
<!-- Generated by org.testng.reporters.JUnitReportReporter -->
<testsuite hostname="DESKTOP-G162LF5" name="Com.Assignment_1.SetBrowserWindowSize" tests="1" failures="0" timestamp="24 Oct 2020 08:24:23 GMT" time="0.475" errors="0">
  <testcase name="SetSizeWindow" time="0.475" classname="Com.Assignment_1.SetBrowserWindowSize"/>
</testsuite> <!-- Com.Assignment_1.SetBrowserWindowSize -->
