<?xml version="1.0" encoding="UTF-8"?>
<!-- Generated by org.testng.reporters.JUnitReportReporter -->
<testsuite hostname="DESKTOP-G162LF5" name="Com.Assignment_1.EnterTextWithoutSendKey" tests="1" failures="0" timestamp="24 Oct 2020 08:35:56 GMT" time="0.213" errors="0">
  <testcase name="textWithoutSenkeys" time="0.213" classname="Com.Assignment_1.EnterTextWithoutSendKey"/>
</testsuite> <!-- Com.Assignment_1.EnterTextWithoutSendKey -->
