<?xml version="1.0" encoding="UTF-8"?>
<!-- Generated by org.testng.reporters.JUnitReportReporter -->
<testsuite hostname="DESKTOP-G162LF5" name="Com.Assignment_1.GoogleSearchWebPage" tests="1" failures="0" timestamp="24 Oct 2020 08:05:33 GMT" time="7.847" errors="0">
  <testcase name="GoogleSearch" time="7.847" classname="Com.Assignment_1.GoogleSearchWebPage"/>
</testsuite> <!-- Com.Assignment_1.GoogleSearchWebPage -->
